[SOFT] public.block.epoch_no ≈ public.epoch_schedule.epoch_no (allowed by joins_allow)
[DROP-SOFT] public.block.fee_dust ≈ public.tx.fee_dust (not in joins_allow)
[SOFT] public.block.aura_pub_key ≈ public.validator.aura_pub_key (allowed by joins_allow)
[SOFT] public.block.aura_pub_key ≈ public.validator_lifecycle.aura_pub_key (allowed by joins_allow)
[SOFT] public.block.aura_pub_key ≈ public.validator_map.aura_pub_key (allowed by joins_allow)
[SOFT] public.block.aura_pub_key ≈ public.validator_metadata.aura_pub_key (allowed by joins_allow)
[SOFT] public.epoch_schedule.cardano_epoch_no ≈ public.validator_registrations_stat.cardano_epoch_no (allowed by joins_allow)
[SOFT] public.validator.aura_pub_key ≈ public.validator_lifecycle.aura_pub_key (allowed by joins_allow)
[SOFT] public.validator.aura_pub_key ≈ public.validator_metadata.aura_pub_key (allowed by joins_allow)
[SOFT] public.validator_lifecycle.aura_pub_key ≈ public.validator_metadata.aura_pub_key (allowed by joins_allow)
[SOFT] public.block.epoch_no ≈ public.epoch_schedule.epoch_no (allowed by joins_allow)
[DROP-SOFT] public.block.fee_dust ≈ public.tx.fee_dust (not in joins_allow)
[SOFT] public.block.aura_pub_key ≈ public.validator.aura_pub_key (allowed by joins_allow)
[SOFT] public.block.aura_pub_key ≈ public.validator_lifecycle.aura_pub_key (allowed by joins_allow)
[SOFT] public.block.aura_pub_key ≈ public.validator_map.aura_pub_key (allowed by joins_allow)
[SOFT] public.block.aura_pub_key ≈ public.validator_metadata.aura_pub_key (allowed by joins_allow)
[SOFT] public.epoch_schedule.cardano_epoch_no ≈ public.validator_registrations_stat.cardano_epoch_no (allowed by joins_allow)
[SOFT] public.validator.aura_pub_key ≈ public.validator_lifecycle.aura_pub_key (allowed by joins_allow)
[SOFT] public.validator.aura_pub_key ≈ public.validator_metadata.aura_pub_key (allowed by joins_allow)
[SOFT] public.validator_lifecycle.aura_pub_key ≈ public.validator_metadata.aura_pub_key (allowed by joins_allow)
